Started GET "/" for 127.0.0.1 at 2022-02-08 17:29:58 -0500
  [1m[35m (2.2ms)[0m  [1m[34mSELECT sqlite_version(*)[0m
Processing by Rails::WelcomeController#index as HTML
  Rendering /Users/dakotamcinnis/.rbenv/versions/3.0.2/lib/ruby/gems/3.0.0/gems/railties-7.0.1/lib/rails/templates/rails/welcome/index.html.erb
  Rendered /Users/dakotamcinnis/.rbenv/versions/3.0.2/lib/ruby/gems/3.0.0/gems/railties-7.0.1/lib/rails/templates/rails/welcome/index.html.erb (Duration: 5.5ms | Allocations: 821)
Completed 200 OK in 31ms (Views: 13.7ms | ActiveRecord: 0.0ms | Allocations: 7699)


  [1m[35m (0.9ms)[0m  [1m[34mSELECT sqlite_version(*)[0m
  [1m[35m (0.9ms)[0m  [1m[34mSELECT sqlite_version(*)[0m
  [1m[35m (1.2ms)[0m  [1m[35mCREATE TABLE "schema_migrations" ("version" varchar NOT NULL PRIMARY KEY)[0m
  [1m[35m (1.1ms)[0m  [1m[35mCREATE TABLE "ar_internal_metadata" ("key" varchar NOT NULL PRIMARY KEY, "value" varchar, "created_at" datetime(6) NOT NULL, "updated_at" datetime(6) NOT NULL)[0m
  [1m[36mActiveRecord::SchemaMigration Pluck (0.2ms)[0m  [1m[34mSELECT "schema_migrations"."version" FROM "schema_migrations" ORDER BY "schema_migrations"."version" ASC[0m
Migrating to CreatePayPeriods (20220208223504)
  [1m[36mTRANSACTION (0.1ms)[0m  [1m[36mbegin transaction[0m
  [1m[35m (0.5ms)[0m  [1m[35mCREATE TABLE "pay_periods" ("id" integer PRIMARY KEY AUTOINCREMENT NOT NULL, "start" date, "end" date, "call" date, "created_at" datetime(6) NOT NULL, "updated_at" datetime(6) NOT NULL)[0m
  [1m[36mActiveRecord::SchemaMigration Create (0.2ms)[0m  [1m[32mINSERT INTO "schema_migrations" ("version") VALUES (?)[0m  [["version", "20220208223504"]]
  [1m[36mTRANSACTION (1.0ms)[0m  [1m[36mcommit transaction[0m
  [1m[36mActiveRecord::InternalMetadata Load (0.2ms)[0m  [1m[34mSELECT "ar_internal_metadata".* FROM "ar_internal_metadata" WHERE "ar_internal_metadata"."key" = ? LIMIT ?[0m  [["key", "environment"], ["LIMIT", 1]]
  [1m[36mTRANSACTION (0.0ms)[0m  [1m[36mbegin transaction[0m
  [1m[36mActiveRecord::InternalMetadata Create (0.3ms)[0m  [1m[32mINSERT INTO "ar_internal_metadata" ("key", "value", "created_at", "updated_at") VALUES (?, ?, ?, ?)[0m  [["key", "environment"], ["value", "development"], ["created_at", "2022-02-08 22:35:23.712511"], ["updated_at", "2022-02-08 22:35:23.712511"]]
  [1m[36mTRANSACTION (0.6ms)[0m  [1m[36mcommit transaction[0m
  [1m[35m (0.0ms)[0m  [1m[34mSELECT sqlite_version(*)[0m
  [1m[36mActiveRecord::SchemaMigration Pluck (0.1ms)[0m  [1m[34mSELECT "schema_migrations"."version" FROM "schema_migrations" ORDER BY "schema_migrations"."version" ASC[0m
Started GET "/" for 127.0.0.1 at 2022-02-08 17:35:36 -0500
  [1m[35m (0.1ms)[0m  [1m[34mSELECT sqlite_version(*)[0m
  [1m[36mActiveRecord::SchemaMigration Pluck (0.2ms)[0m  [1m[34mSELECT "schema_migrations"."version" FROM "schema_migrations" ORDER BY "schema_migrations"."version" ASC[0m
Processing by Rails::WelcomeController#index as HTML
  Rendering /Users/dakotamcinnis/.rbenv/versions/3.0.2/lib/ruby/gems/3.0.0/gems/railties-7.0.1/lib/rails/templates/rails/welcome/index.html.erb
  Rendered /Users/dakotamcinnis/.rbenv/versions/3.0.2/lib/ruby/gems/3.0.0/gems/railties-7.0.1/lib/rails/templates/rails/welcome/index.html.erb (Duration: 1.1ms | Allocations: 395)
Completed 200 OK in 4ms (Views: 2.4ms | ActiveRecord: 0.0ms | Allocations: 1439)


Started GET "/" for 127.0.0.1 at 2022-02-08 17:35:37 -0500
Processing by Rails::WelcomeController#index as HTML
  Rendering /Users/dakotamcinnis/.rbenv/versions/3.0.2/lib/ruby/gems/3.0.0/gems/railties-7.0.1/lib/rails/templates/rails/welcome/index.html.erb
  Rendered /Users/dakotamcinnis/.rbenv/versions/3.0.2/lib/ruby/gems/3.0.0/gems/railties-7.0.1/lib/rails/templates/rails/welcome/index.html.erb (Duration: 0.1ms | Allocations: 22)
Completed 200 OK in 1ms (Views: 0.6ms | ActiveRecord: 0.0ms | Allocations: 325)


Started GET "/" for 127.0.0.1 at 2022-02-08 17:35:37 -0500
Processing by Rails::WelcomeController#index as HTML
  Rendering /Users/dakotamcinnis/.rbenv/versions/3.0.2/lib/ruby/gems/3.0.0/gems/railties-7.0.1/lib/rails/templates/rails/welcome/index.html.erb
  Rendered /Users/dakotamcinnis/.rbenv/versions/3.0.2/lib/ruby/gems/3.0.0/gems/railties-7.0.1/lib/rails/templates/rails/welcome/index.html.erb (Duration: 0.1ms | Allocations: 21)
Completed 200 OK in 1ms (Views: 0.6ms | ActiveRecord: 0.0ms | Allocations: 292)


Started GET "/pay_period" for 127.0.0.1 at 2022-02-08 17:35:45 -0500
  
ActionController::RoutingError (No route matches [GET] "/pay_period"):
  
Started GET "/pay_periods" for 127.0.0.1 at 2022-02-08 17:35:56 -0500
Processing by PayPeriodsController#index as HTML
  Rendering layout layouts/application.html.erb
  Rendering pay_periods/index.html.erb within layouts/application
  [1m[36mPayPeriod Load (0.2ms)[0m  [1m[34mSELECT "pay_periods".* FROM "pay_periods"[0m
  ↳ app/views/pay_periods/index.html.erb:6
  Rendered pay_periods/index.html.erb within layouts/application (Duration: 2.4ms | Allocations: 1284)
  Rendered layout layouts/application.html.erb (Duration: 229.9ms | Allocations: 94390)
Completed 200 OK in 236ms (Views: 232.0ms | ActiveRecord: 0.2ms | Allocations: 96517)


Started GET "/pay_periods" for 127.0.0.1 at 2022-02-08 17:43:10 -0500
  [1m[35m (0.9ms)[0m  [1m[34mSELECT sqlite_version(*)[0m
  [1m[36mActiveRecord::SchemaMigration Pluck (0.1ms)[0m  [1m[34mSELECT "schema_migrations"."version" FROM "schema_migrations" ORDER BY "schema_migrations"."version" ASC[0m
Processing by PayPeriodsController#index as HTML
  Rendering layout layouts/application.html.erb
  Rendering pay_periods/index.html.erb within layouts/application
  [1m[36mPayPeriod Load (0.2ms)[0m  [1m[34mSELECT "pay_periods".* FROM "pay_periods"[0m
  ↳ app/views/pay_periods/index.html.erb:6
  Rendered pay_periods/index.html.erb within layouts/application (Duration: 6.4ms | Allocations: 1869)
  Rendered layout layouts/application.html.erb (Duration: 74.7ms | Allocations: 43253)
Completed 200 OK in 91ms (Views: 78.7ms | ActiveRecord: 0.2ms | Allocations: 49985)


Started GET "/pay_periods" for 127.0.0.1 at 2022-02-08 17:43:36 -0500
Processing by PayPeriodsController#index as HTML
  Rendering layout layouts/application.html.erb
  Rendering pay_periods/index.html.erb within layouts/application
  [1m[36mPayPeriod Load (0.2ms)[0m  [1m[34mSELECT "pay_periods".* FROM "pay_periods"[0m
  ↳ app/views/pay_periods/index.html.erb:6
  Rendered pay_periods/index.html.erb within layouts/application (Duration: 4.5ms | Allocations: 1233)
  Rendered layout layouts/application.html.erb (Duration: 9.7ms | Allocations: 3790)
Completed 200 OK in 17ms (Views: 13.8ms | ActiveRecord: 0.2ms | Allocations: 5037)


Started GET "/" for 127.0.0.1 at 2022-02-08 17:43:37 -0500
Processing by Rails::WelcomeController#index as HTML
  Rendering /Users/dakotamcinnis/.rbenv/versions/3.0.2/lib/ruby/gems/3.0.0/gems/railties-7.0.1/lib/rails/templates/rails/welcome/index.html.erb
  Rendered /Users/dakotamcinnis/.rbenv/versions/3.0.2/lib/ruby/gems/3.0.0/gems/railties-7.0.1/lib/rails/templates/rails/welcome/index.html.erb (Duration: 1.7ms | Allocations: 397)
Completed 200 OK in 5ms (Views: 3.2ms | ActiveRecord: 0.0ms | Allocations: 1462)


Started GET "/" for 127.0.0.1 at 2022-02-08 17:43:37 -0500
Processing by Rails::WelcomeController#index as HTML
  Rendering /Users/dakotamcinnis/.rbenv/versions/3.0.2/lib/ruby/gems/3.0.0/gems/railties-7.0.1/lib/rails/templates/rails/welcome/index.html.erb
  Rendered /Users/dakotamcinnis/.rbenv/versions/3.0.2/lib/ruby/gems/3.0.0/gems/railties-7.0.1/lib/rails/templates/rails/welcome/index.html.erb (Duration: 1.6ms | Allocations: 391)
Completed 200 OK in 6ms (Views: 3.5ms | ActiveRecord: 0.0ms | Allocations: 1404)


Started GET "/pay_periods" for 127.0.0.1 at 2022-02-08 17:43:40 -0500
Processing by PayPeriodsController#index as HTML
  Rendering layout layouts/application.html.erb
  Rendering pay_periods/index.html.erb within layouts/application
  [1m[36mPayPeriod Load (0.1ms)[0m  [1m[34mSELECT "pay_periods".* FROM "pay_periods"[0m
  ↳ app/views/pay_periods/index.html.erb:6
  Rendered pay_periods/index.html.erb within layouts/application (Duration: 2.1ms | Allocations: 1223)
  Rendered layout layouts/application.html.erb (Duration: 6.1ms | Allocations: 3778)
Completed 200 OK in 10ms (Views: 8.0ms | ActiveRecord: 0.1ms | Allocations: 4930)


Started GET "/" for 127.0.0.1 at 2022-02-08 17:43:48 -0500
Processing by Rails::WelcomeController#index as HTML
  Rendering /Users/dakotamcinnis/.rbenv/versions/3.0.2/lib/ruby/gems/3.0.0/gems/railties-7.0.1/lib/rails/templates/rails/welcome/index.html.erb
  Rendered /Users/dakotamcinnis/.rbenv/versions/3.0.2/lib/ruby/gems/3.0.0/gems/railties-7.0.1/lib/rails/templates/rails/welcome/index.html.erb (Duration: 0.1ms | Allocations: 26)
Completed 200 OK in 1ms (Views: 0.4ms | ActiveRecord: 0.0ms | Allocations: 326)


Started GET "/" for 127.0.0.1 at 2022-02-08 17:45:33 -0500
Started GET "/pay_periods" for 127.0.0.1 at 2022-02-08 17:45:33 -0500
Processing by PayPeriodsController#index as HTML
  Rendering layout layouts/application.html.erb
  Rendering pay_periods/index.html.erb within layouts/application
  [1m[35m (0.1ms)[0m  [1m[34mSELECT sqlite_version(*)[0m
  ↳ app/views/pay_periods/index.html.erb:6
  [1m[36mPayPeriod Load (0.2ms)[0m  [1m[34mSELECT "pay_periods".* FROM "pay_periods"[0m
  ↳ app/views/pay_periods/index.html.erb:6
  Rendered pay_periods/index.html.erb within layouts/application (Duration: 3.3ms | Allocations: 1660)
  Rendered layout layouts/application.html.erb (Duration: 17.8ms | Allocations: 15279)
Completed 200 OK in 22ms (Views: 19.1ms | ActiveRecord: 0.5ms | Allocations: 16975)


Started GET "/" for 127.0.0.1 at 2022-02-08 17:45:36 -0500
Started GET "/pay_periods" for 127.0.0.1 at 2022-02-08 17:45:36 -0500
Processing by PayPeriodsController#index as HTML
  Rendering layout layouts/application.html.erb
  Rendering pay_periods/index.html.erb within layouts/application
  [1m[36mPayPeriod Load (0.1ms)[0m  [1m[34mSELECT "pay_periods".* FROM "pay_periods"[0m
  ↳ app/views/pay_periods/index.html.erb:6
  Rendered pay_periods/index.html.erb within layouts/application (Duration: 1.4ms | Allocations: 778)
  Rendered layout layouts/application.html.erb (Duration: 4.4ms | Allocations: 2883)
Completed 200 OK in 6ms (Views: 4.8ms | ActiveRecord: 0.1ms | Allocations: 3245)


